This file contains any messages produced by compilers while
running configure, to aid debugging if configure makes a mistake.

It was created by launchbox configure 0.1.0, which was
generated by GNU Autoconf 2.69.  Invocation command line was

  $ ./configure --prefix=/usr

## --------- ##
## Platform. ##
## --------- ##

hostname = assinfsup4
uname -m = x86_64
uname -r = 4.19.0-2-amd64
uname -s = Linux
uname -v = #1 SMP Debian 4.19.16-1 (2019-01-17)

/usr/bin/uname -p = unknown
/bin/uname -X     = unknown

/bin/arch              = x86_64
/usr/bin/arch -k       = unknown
/usr/convex/getsysinfo = unknown
/usr/bin/hostinfo      = unknown
/bin/machine           = unknown
/usr/bin/oslevel       = unknown
/bin/universe          = unknown

PATH: /usr/local/bin
PATH: /usr/bin
PATH: /bin
PATH: /usr/games


## ----------- ##
## Core tests. ##
## ----------- ##

configure:2386: checking for gcc
configure:2402: found /usr/bin/gcc
configure:2413: result: gcc
configure:2642: checking for C compiler version
configure:2651: gcc --version >&5
gcc (Debian 8.2.0-16) 8.2.0
Copyright (C) 2018 Free Software Foundation, Inc.
This is free software; see the source for copying conditions.  There is NO
warranty; not even for MERCHANTABILITY or FITNESS FOR A PARTICULAR PURPOSE.

configure:2662: $? = 0
configure:2651: gcc -v >&5
Using built-in specs.
COLLECT_GCC=gcc
COLLECT_LTO_WRAPPER=/usr/lib/gcc/x86_64-linux-gnu/8/lto-wrapper
OFFLOAD_TARGET_NAMES=nvptx-none
OFFLOAD_TARGET_DEFAULT=1
Target: x86_64-linux-gnu
Configured with: ../src/configure -v --with-pkgversion='Debian 8.2.0-16' --with-bugurl=file:///usr/share/doc/gcc-8/README.Bugs --enable-languages=c,ada,c++,go,brig,d,fortran,objc,obj-c++ --prefix=/usr --with-gcc-major-version-only --program-suffix=-8 --program-prefix=x86_64-linux-gnu- --enable-shared --enable-linker-build-id --libexecdir=/usr/lib --without-included-gettext --enable-threads=posix --libdir=/usr/lib --enable-nls --enable-bootstrap --enable-clocale=gnu --enable-libstdcxx-debug --enable-libstdcxx-time=yes --with-default-libstdcxx-abi=new --enable-gnu-unique-object --disable-vtable-verify --enable-libmpx --enable-plugin --enable-default-pie --with-system-zlib --with-target-system-zlib --enable-objc-gc=auto --enable-multiarch --disable-werror --with-arch-32=i686 --with-abi=m64 --with-multilib-list=m32,m64,mx32 --enable-multilib --with-tune=generic --enable-offload-targets=nvptx-none --without-cuda-driver --enable-checking=release --build=x86_64-linux-gnu --host=x86_64-linux-gnu --target=x86_64-linux-gnu
Thread model: posix
gcc version 8.2.0 (Debian 8.2.0-16) 
configure:2662: $? = 0
configure:2651: gcc -V >&5
gcc: error: unrecognized command line option '-V'
gcc: fatal error: no input files
compilation terminated.
configure:2662: $? = 1
configure:2651: gcc -qversion >&5
gcc: error: unrecognized command line option '-qversion'; did you mean '--version'?
gcc: fatal error: no input files
compilation terminated.
configure:2662: $? = 1
configure:2682: checking whether the C compiler works
configure:2704: gcc    conftest.c  >&5
configure:2708: $? = 0
configure:2756: result: yes
configure:2759: checking for C compiler default output file name
configure:2761: result: a.out
configure:2767: checking for suffix of executables
configure:2774: gcc -o conftest    conftest.c  >&5
configure:2778: $? = 0
configure:2800: result: 
configure:2822: checking whether we are cross compiling
configure:2830: gcc -o conftest    conftest.c  >&5
configure:2834: $? = 0
configure:2841: ./conftest
configure:2845: $? = 0
configure:2833: result: no
configure:2838: checking for suffix of object files
configure:2860: gcc -c   conftest.c >&5
configure:2864: $? = 0
configure:2885: result: o
configure:2889: checking whether we are using the GNU C compiler
configure:2908: gcc -c   conftest.c >&5
configure:2908: $? = 0
configure:2917: result: yes
configure:2926: checking whether gcc accepts -g
configure:2946: gcc -c -g  conftest.c >&5
configure:2946: $? = 0
configure:2987: result: yes
configure:3004: checking for gcc option to accept ISO C89
configure:3067: gcc  -c -g -O2  conftest.c >&5
configure:3067: $? = 0
configure:3080: result: none needed
configure:3137: checking whether gcc understands -c and -o together
configure:3159: gcc -c conftest.c -o conftest2.o
configure:3162: $? = 0
configure:3159: gcc -c conftest.c -o conftest2.o
configure:3162: $? = 0
configure:3174: result: yes
configure:3249: checking for g++
configure:3265: found /usr/bin/g++
configure:3276: result: g++
configure:3303: checking for C++ compiler version
configure:3312: g++ --version >&5
g++ (Debian 8.2.0-16) 8.2.0
Copyright (C) 2018 Free Software Foundation, Inc.
This is free software; see the source for copying conditions.  There is NO
warranty; not even for MERCHANTABILITY or FITNESS FOR A PARTICULAR PURPOSE.

configure:3323: $? = 0
configure:3312: g++ -v >&5
Using built-in specs.
COLLECT_GCC=g++
COLLECT_LTO_WRAPPER=/usr/lib/gcc/x86_64-linux-gnu/8/lto-wrapper
OFFLOAD_TARGET_NAMES=nvptx-none
OFFLOAD_TARGET_DEFAULT=1
Target: x86_64-linux-gnu
Configured with: ../src/configure -v --with-pkgversion='Debian 8.2.0-16' --with-bugurl=file:///usr/share/doc/gcc-8/README.Bugs --enable-languages=c,ada,c++,go,brig,d,fortran,objc,obj-c++ --prefix=/usr --with-gcc-major-version-only --program-suffix=-8 --program-prefix=x86_64-linux-gnu- --enable-shared --enable-linker-build-id --libexecdir=/usr/lib --without-included-gettext --enable-threads=posix --libdir=/usr/lib --enable-nls --enable-bootstrap --enable-clocale=gnu --enable-libstdcxx-debug --enable-libstdcxx-time=yes --with-default-libstdcxx-abi=new --enable-gnu-unique-object --disable-vtable-verify --enable-libmpx --enable-plugin --enable-default-pie --with-system-zlib --with-target-system-zlib --enable-objc-gc=auto --enable-multiarch --disable-werror --with-arch-32=i686 --with-abi=m64 --with-multilib-list=m32,m64,mx32 --enable-multilib --with-tune=generic --enable-offload-targets=nvptx-none --without-cuda-driver --enable-checking=release --build=x86_64-linux-gnu --host=x86_64-linux-gnu --target=x86_64-linux-gnu
Thread model: posix
gcc version 8.2.0 (Debian 8.2.0-16) 
configure:3323: $? = 0
configure:3312: g++ -V >&5
g++: error: unrecognized command line option '-V'
g++: fatal error: no input files
compilation terminated.
configure:3323: $? = 1
configure:3312: g++ -qversion >&5
g++: error: unrecognized command line option '-qversion'; did you mean '--version'?
g++: fatal error: no input files
compilation terminated.
configure:3323: $? = 1
configure:3327: checking whether we are using the GNU C++ compiler
configure:3346: g++ -c   conftest.cpp >&5
configure:3346: $? = 0
configure:3355: result: yes
configure:3364: checking whether g++ accepts -g
configure:3384: g++ -c -g  conftest.cpp >&5
configure:3384: $? = 0
configure:3425: result: yes
configure:3456: checking build system type
configure:3470: result: x86_64-pc-linux-gnu
configure:3490: checking host system type
configure:3503: result: x86_64-pc-linux-gnu
configure:3523: checking target system type
configure:3536: result: x86_64-pc-linux-gnu
configure:3582: checking for a BSD-compatible install
configure:3650: result: /usr/bin/install -c
configure:3661: checking whether build environment is sane
configure:3716: result: yes
configure:3862: checking for a thread-safe mkdir -p
configure:3901: result: /usr/bin/mkdir -p
configure:3908: checking for gawk
configure:3938: result: no
configure:3908: checking for mawk
configure:3924: found /usr/bin/mawk
configure:3935: result: mawk
configure:3946: checking whether make sets $(MAKE)
configure:3968: result: yes
configure:3990: checking whether make supports the include directive
configure:4005: make -f confmf.GNU && cat confinc.out
this is the am__doit target
configure:4008: $? = 0
configure:4027: result: yes (GNU style)
configure:4060: checking whether make supports nested variables
configure:4077: result: yes
configure:4162: checking dependency style of gcc
configure:4273: result: gcc3
configure:4290: checking dependency style of g++
configure:4401: result: gcc3
configure:4508: checking how to print strings
configure:4535: result: printf
configure:4556: checking for a sed that does not truncate output
configure:4620: result: /usr/bin/sed
configure:4638: checking for grep that handles long lines and -e
configure:4696: result: /usr/bin/grep
configure:4701: checking for egrep
configure:4763: result: /usr/bin/grep -E
configure:4768: checking for fgrep
configure:4830: result: /usr/bin/grep -F
configure:4865: checking for ld used by gcc
configure:4932: result: /usr/bin/ld
configure:4939: checking if the linker (/usr/bin/ld) is GNU ld
configure:4954: result: yes
configure:4966: checking for BSD- or MS-compatible name lister (nm)
configure:5020: result: /usr/bin/nm -B
configure:5150: checking the name lister (/usr/bin/nm -B) interface
configure:5157: gcc -c -g -O2  conftest.c >&5
configure:5160: /usr/bin/nm -B "conftest.o"
configure:5163: output
0000000000000000 B some_variable
configure:5164: result: BSD nm
configure:5167: checking whether ln -s works
configure:5171: result: yes
configure:5179: checking the maximum length of command line arguments
configure:5310: result: 1572864
configure:5358: checking how to convert x86_64-pc-linux-gnu file names to x86_64-pc-linux-gnu format
configure:5398: result: func_convert_file_noop
configure:5405: checking how to convert x86_64-pc-linux-gnu file names to toolchain format
configure:5425: result: func_convert_file_noop
configure:5432: checking for /usr/bin/ld option to reload object files
configure:5439: result: -r
configure:5513: checking for objdump
configure:5529: found /usr/bin/objdump
configure:5540: result: objdump
configure:5572: checking how to recognize dependent libraries
configure:5772: result: pass_all
configure:5857: checking for dlltool
configure:5887: result: no
configure:5917: checking how to associate runtime and link libraries
configure:5944: result: printf %s\n
configure:6005: checking for ar
configure:6021: found /usr/bin/ar
configure:6032: result: ar
configure:6069: checking for archiver @FILE support
configure:6086: gcc -c -g -O2  conftest.c >&5
configure:6086: $? = 0
configure:6089: ar cru libconftest.a @conftest.lst >&5
ar: `u' modifier ignored since `D' is the default (see `U')
configure:6092: $? = 0
configure:6097: ar cru libconftest.a @conftest.lst >&5
ar: `u' modifier ignored since `D' is the default (see `U')
ar: conftest.o: No such file or directory
configure:6100: $? = 1
configure:6099: result: @
configure:6157: checking for strip
configure:6173: found /usr/bin/strip
configure:6184: result: strip
configure:6256: checking for ranlib
configure:6272: found /usr/bin/ranlib
configure:6283: result: ranlib
configure:6385: checking command to parse /usr/bin/nm -B output from gcc object
configure:6538: gcc -c -g -O2  conftest.c >&5
configure:6541: $? = 0
configure:6545: /usr/bin/nm -B conftest.o \| sed -n -e 's/^.*[ ]\([ABCDGIRSTW][ABCDGIRSTW]*\)[ ][ ]*\([_A-Za-z][_A-Za-z0-9]*\)$/\1 \2 \2/p' | sed '/ __gnu_lto/d' \> conftest.nm
configure:6548: $? = 0
configure:6614: gcc -o conftest -g -O2   conftest.c conftstm.o >&5
configure:6617: $? = 0
configure:6655: result: ok
configure:6702: checking for sysroot
configure:6732: result: no
configure:6739: checking for a working dd
configure:6777: result: /usr/bin/dd
configure:6781: checking how to truncate binary pipes
configure:6796: result: /usr/bin/dd bs=4096 count=1
configure:6932: gcc -c -g -O2  conftest.c >&5
configure:6935: $? = 0
configure:7125: checking for mt
configure:7141: found /usr/bin/mt
configure:7152: result: mt
configure:7175: checking if mt is a manifest tool
configure:7181: mt '-?'
configure:7189: result: no
configure:7866: checking how to run the C preprocessor
configure:7897: gcc -E  conftest.c
configure:7897: $? = 0
configure:7911: gcc -E  conftest.c
conftest.c:11:10: fatal error: ac_nonexistent.h: No such file or directory
 #include <ac_nonexistent.h>
          ^~~~~~~~~~~~~~~~~~
compilation terminated.
configure:7911: $? = 1
configure: failed program was:
| /* confdefs.h */
| #define PACKAGE_NAME "launchbox"
| #define PACKAGE_TARNAME "launchbox"
| #define PACKAGE_VERSION "0.1.0"
| #define PACKAGE_STRING "launchbox 0.1.0"
| #define PACKAGE_BUGREPORT "acamargo.vieira@gmail.com"
| #define PACKAGE_URL ""
| #define PACKAGE "launchbox"
| #define VERSION "0.1.0"
| /* end confdefs.h.  */
| #include <ac_nonexistent.h>
configure:7936: result: gcc -E
configure:7956: gcc -E  conftest.c
configure:7956: $? = 0
configure:7970: gcc -E  conftest.c
conftest.c:11:10: fatal error: ac_nonexistent.h: No such file or directory
 #include <ac_nonexistent.h>
          ^~~~~~~~~~~~~~~~~~
compilation terminated.
configure:7970: $? = 1
configure: failed program was:
| /* confdefs.h */
| #define PACKAGE_NAME "launchbox"
| #define PACKAGE_TARNAME "launchbox"
| #define PACKAGE_VERSION "0.1.0"
| #define PACKAGE_STRING "launchbox 0.1.0"
| #define PACKAGE_BUGREPORT "acamargo.vieira@gmail.com"
| #define PACKAGE_URL ""
| #define PACKAGE "launchbox"
| #define VERSION "0.1.0"
| /* end confdefs.h.  */
| #include <ac_nonexistent.h>
configure:7999: checking for ANSI C header files
configure:8019: gcc -c -g -O2  conftest.c >&5
configure:8019: $? = 0
configure:8092: gcc -o conftest -g -O2   conftest.c  >&5
configure:8092: $? = 0
configure:8092: ./conftest
configure:8092: $? = 0
configure:8103: result: yes
configure:8116: checking for sys/types.h
configure:8116: gcc -c -g -O2  conftest.c >&5
configure:8116: $? = 0
configure:8116: result: yes
configure:8116: checking for sys/stat.h
configure:8116: gcc -c -g -O2  conftest.c >&5
configure:8116: $? = 0
configure:8116: result: yes
configure:8116: checking for stdlib.h
configure:8116: gcc -c -g -O2  conftest.c >&5
configure:8116: $? = 0
configure:8116: result: yes
configure:8116: checking for string.h
configure:8116: gcc -c -g -O2  conftest.c >&5
configure:8116: $? = 0
configure:8116: result: yes
configure:8116: checking for memory.h
configure:8116: gcc -c -g -O2  conftest.c >&5
configure:8116: $? = 0
configure:8116: result: yes
configure:8116: checking for strings.h
configure:8116: gcc -c -g -O2  conftest.c >&5
configure:8116: $? = 0
configure:8116: result: yes
configure:8116: checking for inttypes.h
configure:8116: gcc -c -g -O2  conftest.c >&5
configure:8116: $? = 0
configure:8116: result: yes
configure:8116: checking for stdint.h
configure:8116: gcc -c -g -O2  conftest.c >&5
configure:8116: $? = 0
configure:8116: result: yes
configure:8116: checking for unistd.h
configure:8116: gcc -c -g -O2  conftest.c >&5
configure:8116: $? = 0
configure:8116: result: yes
configure:8130: checking for dlfcn.h
configure:8130: gcc -c -g -O2  conftest.c >&5
configure:8130: $? = 0
configure:8130: result: yes
configure:8397: checking for objdir
configure:8412: result: .libs
configure:8676: checking if gcc supports -fno-rtti -fno-exceptions
configure:8694: gcc -c -g -O2  -fno-rtti -fno-exceptions conftest.c >&5
cc1: warning: command line option '-fno-rtti' is valid for C++/ObjC++ but not for C
configure:8698: $? = 0
configure:8711: result: no
configure:9069: checking for gcc option to produce PIC
configure:9076: result: -fPIC -DPIC
configure:9084: checking if gcc PIC flag -fPIC -DPIC works
configure:9102: gcc -c -g -O2  -fPIC -DPIC -DPIC conftest.c >&5
configure:9106: $? = 0
configure:9119: result: yes
configure:9148: checking if gcc static flag -static works
configure:9176: result: yes
configure:9191: checking if gcc supports -c -o file.o
configure:9212: gcc -c -g -O2  -o out/conftest2.o conftest.c >&5
configure:9216: $? = 0
configure:9238: result: yes
configure:9246: checking if gcc supports -c -o file.o
configure:9293: result: yes
configure:9326: checking whether the gcc linker (/usr/bin/ld -m elf_x86_64) supports shared libraries
configure:10589: result: yes
configure:10626: checking whether -lc should be explicitly linked in
configure:10634: gcc -c -g -O2  conftest.c >&5
configure:10637: $? = 0
configure:10652: gcc -shared  -fPIC -DPIC conftest.o  -v -Wl,-soname -Wl,conftest -o conftest 2\>\&1 \| /usr/bin/grep  -lc  \>/dev/null 2\>\&1
configure:10655: $? = 0
configure:10669: result: no
configure:10829: checking dynamic linker characteristics
configure:11410: gcc -o conftest -g -O2   -Wl,-rpath -Wl,/foo conftest.c  >&5
configure:11410: $? = 0
configure:11659: result: GNU/Linux ld.so
configure:11781: checking how to hardcode library paths into programs
configure:11806: result: immediate
configure:12354: checking whether stripping libraries is possible
configure:12359: result: yes
configure:12394: checking if libtool supports shared libraries
configure:12396: result: yes
configure:12399: checking whether to build shared libraries
configure:12424: result: yes
configure:12427: checking whether to build static libraries
configure:12431: result: yes
configure:9230: checking how to run the C++ preprocessor
configure:9257: g++ -E  conftest.cpp
configure:9257: $? = 0
configure:9271: g++ -E  conftest.cpp
conftest.cpp:23:10: fatal error: ac_nonexistent.h: No such file or directory
 #include <ac_nonexistent.h>
          ^~~~~~~~~~~~~~~~~~
compilation terminated.
configure:9271: $? = 1
configure: failed program was:
| /* confdefs.h */
| #define PACKAGE_NAME "launchbox"
| #define PACKAGE_TARNAME "launchbox"
| #define PACKAGE_VERSION "0.1.0"
| #define PACKAGE_STRING "launchbox 0.1.0"
| #define PACKAGE_BUGREPORT "acamargo.vieira@gmail.com"
| #define PACKAGE_URL ""
| #define PACKAGE "launchbox"
| #define VERSION "0.1.0"
| #define STDC_HEADERS 1
| #define HAVE_SYS_TYPES_H 1
| #define HAVE_SYS_STAT_H 1
| #define HAVE_STDLIB_H 1
| #define HAVE_STRING_H 1
| #define HAVE_MEMORY_H 1
| #define HAVE_STRINGS_H 1
| #define HAVE_INTTYPES_H 1
| #define HAVE_STDINT_H 1
| #define HAVE_UNISTD_H 1
| #define HAVE_DLFCN_H 1
| #define LT_OBJDIR ".libs/"
| /* end confdefs.h.  */
| #include <ac_nonexistent.h>
configure:9296: result: g++ -E
configure:9316: g++ -E  conftest.cpp
configure:9316: $? = 0
configure:9330: g++ -E  conftest.cpp
conftest.cpp:23:10: fatal error: ac_nonexistent.h: No such file or directory
 #include <ac_nonexistent.h>
          ^~~~~~~~~~~~~~~~~~
compilation terminated.
configure:9330: $? = 1
configure: failed program was:
| /* confdefs.h */
| #define PACKAGE_NAME "launchbox"
| #define PACKAGE_TARNAME "launchbox"
| #define PACKAGE_VERSION "0.1.0"
| #define PACKAGE_STRING "launchbox 0.1.0"
| #define PACKAGE_BUGREPORT "acamargo.vieira@gmail.com"
| #define PACKAGE_URL ""
| #define PACKAGE "launchbox"
| #define VERSION "0.1.0"
| #define STDC_HEADERS 1
| #define HAVE_SYS_TYPES_H 1
| #define HAVE_SYS_STAT_H 1
| #define HAVE_STDLIB_H 1
| #define HAVE_STRING_H 1
| #define HAVE_MEMORY_H 1
| #define HAVE_STRINGS_H 1
| #define HAVE_INTTYPES_H 1
| #define HAVE_STDINT_H 1
| #define HAVE_UNISTD_H 1
| #define HAVE_DLFCN_H 1
| #define LT_OBJDIR ".libs/"
| /* end confdefs.h.  */
| #include <ac_nonexistent.h>
configure:9492: checking for ld used by g++
configure:9559: result: /usr/bin/ld -m elf_x86_64
configure:9566: checking if the linker (/usr/bin/ld -m elf_x86_64) is GNU ld
configure:9581: result: yes
configure:9636: checking whether the g++ linker (/usr/bin/ld -m elf_x86_64) supports shared libraries
configure:10709: result: yes
configure:10745: g++ -c -g -O2  conftest.cpp >&5
configure:10748: $? = 0
configure:11229: checking for g++ option to produce PIC
configure:11236: result: -fPIC -DPIC
configure:11244: checking if g++ PIC flag -fPIC -DPIC works
configure:11262: g++ -c -g -O2  -fPIC -DPIC -DPIC conftest.cpp >&5
configure:11266: $? = 0
configure:11279: result: yes
configure:11302: checking if g++ static flag -static works
configure:11330: result: yes
configure:11342: checking if g++ supports -c -o file.o
configure:11363: g++ -c -g -O2  -o out/conftest2.o conftest.cpp >&5
configure:11367: $? = 0
configure:11389: result: yes
configure:11394: checking if g++ supports -c -o file.o
configure:11441: result: yes
configure:11471: checking whether the g++ linker (/usr/bin/ld -m elf_x86_64) supports shared libraries
configure:11514: result: yes
configure:11655: checking dynamic linker characteristics
configure:12412: result: GNU/Linux ld.so
configure:12477: checking how to hardcode library paths into programs
configure:12502: result: immediate
configure:11437: checking for ranlib
configure:11464: result: ranlib
configure:11598: checking for pkg-config
configure:11616: found /usr/bin/pkg-config
configure:11628: result: /usr/bin/pkg-config
configure:11653: checking pkg-config is at least version 0.9.0
configure:11656: result: yes
configure:11666: checking for GTK2
configure:11673: $PKG_CONFIG --exists --print-errors "gtk+-2.0"
configure:11676: $? = 0
configure:11690: $PKG_CONFIG --exists --print-errors "gtk+-2.0"
configure:11693: $? = 0
configure:11751: result: yes
configure:11757: checking for GLIB2
configure:11764: $PKG_CONFIG --exists --print-errors "glib-2.0"
configure:11767: $? = 0
configure:11781: $PKG_CONFIG --exists --print-errors "glib-2.0"
configure:11784: $? = 0
configure:11842: result: yes
configure:11848: checking for GIO2
configure:11855: $PKG_CONFIG --exists --print-errors "gio-2.0"
configure:11858: $? = 0
configure:11872: $PKG_CONFIG --exists --print-errors "gio-2.0"
configure:11875: $? = 0
configure:11933: result: yes
configure:11939: checking for MAGICKWAND
configure:11946: $PKG_CONFIG --exists --print-errors "MagickWand"
configure:11949: $? = 0
configure:11963: $PKG_CONFIG --exists --print-errors "MagickWand"
configure:11966: $? = 0
configure:12024: result: yes
configure:12030: checking for strstr
configure:12030: gcc -o conftest -g -O2   conftest.c  >&5
conftest.c:46:6: warning: conflicting types for built-in function 'strstr' [-Wbuiltin-declaration-mismatch]
 char strstr ();
      ^~~~~~
configure:12030: $? = 0
configure:12030: result: yes
configure:12149: checking that generated files are newer than configure
configure:12155: result: done
configure:12182: creating ./config.status

## ---------------------- ##
## Running config.status. ##
## ---------------------- ##

This file was extended by launchbox config.status 0.1.0, which was
generated by GNU Autoconf 2.69.  Invocation command line was

  CONFIG_FILES    = 
  CONFIG_HEADERS  = 
  CONFIG_LINKS    = 
  CONFIG_COMMANDS = 
  $ ./config.status 

on assinfsup4

config.status:1169: creating Makefile
config.status:1169: creating src/Makefile
config.status:1169: creating images/Makefile
config.status:1169: creating config.h
config.status:1350: config.h is unchanged
config.status:1398: executing depfiles commands
config.status:1475: cd src       && sed -e '/# am--include-marker/d' Makefile         | make -f - am--depfiles
make: Nothing to be done for 'am--depfiles'.
config.status:1480: $? = 0
config.status:1398: executing libtool commands

## ---------------- ##
## Cache variables. ##
## ---------------- ##

ac_cv_build=x86_64-pc-linux-gnu
ac_cv_c_compiler_gnu=yes
ac_cv_cxx_compiler_gnu=yes
ac_cv_env_CCC_set=
ac_cv_env_CCC_value=
ac_cv_env_CC_set=
ac_cv_env_CC_value=
ac_cv_env_CFLAGS_set=
ac_cv_env_CFLAGS_value=
ac_cv_env_CPPFLAGS_set=
ac_cv_env_CPPFLAGS_value=
ac_cv_env_CPP_set=
ac_cv_env_CPP_value=
ac_cv_env_CXXCPP_set=
ac_cv_env_CXXCPP_value=
ac_cv_env_CXXFLAGS_set=
ac_cv_env_CXXFLAGS_value=
ac_cv_env_CXX_set=
ac_cv_env_CXX_value=
ac_cv_env_GIO2_CFLAGS_set=
ac_cv_env_GIO2_CFLAGS_value=
ac_cv_env_GIO2_LIBS_set=
ac_cv_env_GIO2_LIBS_value=
ac_cv_env_GLIB2_CFLAGS_set=
ac_cv_env_GLIB2_CFLAGS_value=
ac_cv_env_GLIB2_LIBS_set=
ac_cv_env_GLIB2_LIBS_value=
ac_cv_env_GTK2_CFLAGS_set=
ac_cv_env_GTK2_CFLAGS_value=
ac_cv_env_GTK2_LIBS_set=
ac_cv_env_GTK2_LIBS_value=
ac_cv_env_LDFLAGS_set=
ac_cv_env_LDFLAGS_value=
ac_cv_env_LIBS_set=
ac_cv_env_LIBS_value=
ac_cv_env_LT_SYS_LIBRARY_PATH_set=
ac_cv_env_LT_SYS_LIBRARY_PATH_value=
ac_cv_env_MAGICKWAND_CFLAGS_set=
ac_cv_env_MAGICKWAND_CFLAGS_value=
ac_cv_env_MAGICKWAND_LIBS_set=
ac_cv_env_MAGICKWAND_LIBS_value=
ac_cv_env_PKG_CONFIG_LIBDIR_set=
ac_cv_env_PKG_CONFIG_LIBDIR_value=
ac_cv_env_PKG_CONFIG_PATH_set=
ac_cv_env_PKG_CONFIG_PATH_value=
ac_cv_env_PKG_CONFIG_set=
ac_cv_env_PKG_CONFIG_value=
ac_cv_env_build_alias_set=
ac_cv_env_build_alias_value=
ac_cv_env_host_alias_set=
ac_cv_env_host_alias_value=
ac_cv_env_target_alias_set=
ac_cv_env_target_alias_value=
ac_cv_func_strstr=yes
ac_cv_header_dlfcn_h=yes
ac_cv_header_inttypes_h=yes
ac_cv_header_memory_h=yes
ac_cv_header_stdc=yes
ac_cv_header_stdint_h=yes
ac_cv_header_stdlib_h=yes
ac_cv_header_string_h=yes
ac_cv_header_strings_h=yes
ac_cv_header_sys_stat_h=yes
ac_cv_header_sys_types_h=yes
ac_cv_header_unistd_h=yes
ac_cv_host=x86_64-pc-linux-gnu
ac_cv_objext=o
ac_cv_path_EGREP='/usr/bin/grep -E'
ac_cv_path_FGREP='/usr/bin/grep -F'
ac_cv_path_GREP=/usr/bin/grep
ac_cv_path_SED=/usr/bin/sed
ac_cv_path_ac_pt_PKG_CONFIG=/usr/bin/pkg-config
ac_cv_path_install='/usr/bin/install -c'
ac_cv_path_lt_DD=/usr/bin/dd
ac_cv_path_mkdir=/usr/bin/mkdir
ac_cv_prog_AWK=mawk
ac_cv_prog_CPP='gcc -E'
ac_cv_prog_CXXCPP='g++ -E'
ac_cv_prog_ac_ct_AR=ar
ac_cv_prog_ac_ct_CC=gcc
ac_cv_prog_ac_ct_CXX=g++
ac_cv_prog_ac_ct_MANIFEST_TOOL=mt
ac_cv_prog_ac_ct_OBJDUMP=objdump
ac_cv_prog_ac_ct_RANLIB=ranlib
ac_cv_prog_ac_ct_STRIP=strip
ac_cv_prog_cc_c89=
ac_cv_prog_cc_g=yes
ac_cv_prog_cxx_g=yes
ac_cv_prog_make_make_set=yes
ac_cv_target=x86_64-pc-linux-gnu
am_cv_CC_dependencies_compiler_type=gcc3
am_cv_CXX_dependencies_compiler_type=gcc3
am_cv_make_support_nested_variables=yes
am_cv_prog_cc_c_o=yes
lt_cv_ar_at_file=@
lt_cv_archive_cmds_need_lc=no
lt_cv_deplibs_check_method=pass_all
lt_cv_file_magic_cmd='$MAGIC_CMD'
lt_cv_file_magic_test_file=
lt_cv_ld_reload_flag=-r
lt_cv_nm_interface='BSD nm'
lt_cv_objdir=.libs
lt_cv_path_LD=/usr/bin/ld
lt_cv_path_LDCXX='/usr/bin/ld -m elf_x86_64'
lt_cv_path_NM='/usr/bin/nm -B'
lt_cv_path_mainfest_tool=no
lt_cv_prog_compiler_c_o=yes
lt_cv_prog_compiler_c_o_CXX=yes
lt_cv_prog_compiler_pic='-fPIC -DPIC'
lt_cv_prog_compiler_pic_CXX='-fPIC -DPIC'
lt_cv_prog_compiler_pic_works=yes
lt_cv_prog_compiler_pic_works_CXX=yes
lt_cv_prog_compiler_rtti_exceptions=no
lt_cv_prog_compiler_static_works=yes
lt_cv_prog_compiler_static_works_CXX=yes
lt_cv_prog_gnu_ld=yes
lt_cv_prog_gnu_ldcxx=yes
lt_cv_sharedlib_from_linklib_cmd='printf %s\n'
lt_cv_shlibpath_overrides_runpath=yes
lt_cv_sys_global_symbol_pipe='sed -n -e '\''s/^.*[	 ]\([ABCDGIRSTW][ABCDGIRSTW]*\)[	 ][	 ]*\([_A-Za-z][_A-Za-z0-9]*\)$/\1 \2 \2/p'\'' | sed '\''/ __gnu_lto/d'\'''
lt_cv_sys_global_symbol_to_c_name_address='sed -n -e '\''s/^: \(.*\) .*$/  {"\1", (void *) 0},/p'\'' -e '\''s/^[ABCDGIRSTW][ABCDGIRSTW]* .* \(.*\)$/  {"\1", (void *) \&\1},/p'\'''
lt_cv_sys_global_symbol_to_c_name_address_lib_prefix='sed -n -e '\''s/^: \(.*\) .*$/  {"\1", (void *) 0},/p'\'' -e '\''s/^[ABCDGIRSTW][ABCDGIRSTW]* .* \(lib.*\)$/  {"\1", (void *) \&\1},/p'\'' -e '\''s/^[ABCDGIRSTW][ABCDGIRSTW]* .* \(.*\)$/  {"lib\1", (void *) \&\1},/p'\'''
lt_cv_sys_global_symbol_to_cdecl='sed -n -e '\''s/^T .* \(.*\)$/extern int \1();/p'\'' -e '\''s/^[ABCDGIRSTW][ABCDGIRSTW]* .* \(.*\)$/extern char \1;/p'\'''
lt_cv_sys_global_symbol_to_import=
lt_cv_sys_max_cmd_len=1572864
lt_cv_to_host_file_cmd=func_convert_file_noop
lt_cv_to_tool_file_cmd=func_convert_file_noop
lt_cv_truncate_bin='/usr/bin/dd bs=4096 count=1'
pkg_cv_GIO2_CFLAGS='-pthread -I/usr/include/libmount -I/usr/include/blkid -I/usr/include/uuid -I/usr/include/glib-2.0 -I/usr/lib/x86_64-linux-gnu/glib-2.0/include'
pkg_cv_GIO2_LIBS='-lgio-2.0 -lgobject-2.0 -lglib-2.0'
pkg_cv_GLIB2_CFLAGS='-I/usr/include/glib-2.0 -I/usr/lib/x86_64-linux-gnu/glib-2.0/include'
pkg_cv_GLIB2_LIBS=-lglib-2.0
pkg_cv_GTK2_CFLAGS='-pthread -I/usr/include/gtk-2.0 -I/usr/lib/x86_64-linux-gnu/gtk-2.0/include -I/usr/include/gio-unix-2.0 -I/usr/include/cairo -I/usr/include/pango-1.0 -I/usr/include/atk-1.0 -I/usr/include/cairo -I/usr/include/pixman-1 -I/usr/include/gdk-pixbuf-2.0 -I/usr/include/libmount -I/usr/include/blkid -I/usr/include/pango-1.0 -I/usr/include/harfbuzz -I/usr/include/pango-1.0 -I/usr/include/fribidi -I/usr/include/glib-2.0 -I/usr/lib/x86_64-linux-gnu/glib-2.0/include -I/usr/include/uuid -I/usr/include/freetype2 -I/usr/include/libpng16'
pkg_cv_GTK2_LIBS='-lgtk-x11-2.0 -lgdk-x11-2.0 -lpangocairo-1.0 -latk-1.0 -lcairo -lgdk_pixbuf-2.0 -lgio-2.0 -lpangoft2-1.0 -lpango-1.0 -lgobject-2.0 -lglib-2.0 -lfontconfig -lfreetype'
pkg_cv_MAGICKWAND_CFLAGS='-fopenmp -DMAGICKCORE_HDRI_ENABLE=0 -DMAGICKCORE_QUANTUM_DEPTH=16 -fopenmp -DMAGICKCORE_HDRI_ENABLE=0 -DMAGICKCORE_QUANTUM_DEPTH=16 -I/usr/include/x86_64-linux-gnu//ImageMagick-6 -I/usr/include/ImageMagick-6 -I/usr/include/x86_64-linux-gnu//ImageMagick-6 -I/usr/include/ImageMagick-6'
pkg_cv_MAGICKWAND_LIBS='-lMagickWand-6.Q16 -lMagickCore-6.Q16'

## ----------------- ##
## Output variables. ##
## ----------------- ##

ACLOCAL='${SHELL} /home/alexandrecvieira/desenvolvimento/workspaces/cpp/launchbox/missing aclocal-1.16'
AMDEPBACKSLASH='\'
AMDEP_FALSE='#'
AMDEP_TRUE=''
AMTAR='$${TAR-tar}'
AM_BACKSLASH='\'
AM_DEFAULT_V='$(AM_DEFAULT_VERBOSITY)'
AM_DEFAULT_VERBOSITY='1'
AM_V='$(V)'
AR='ar'
AUTOCONF='${SHELL} /home/alexandrecvieira/desenvolvimento/workspaces/cpp/launchbox/missing autoconf'
AUTOHEADER='${SHELL} /home/alexandrecvieira/desenvolvimento/workspaces/cpp/launchbox/missing autoheader'
AUTOMAKE='${SHELL} /home/alexandrecvieira/desenvolvimento/workspaces/cpp/launchbox/missing automake-1.16'
AWK='mawk'
CC='gcc'
CCDEPMODE='depmode=gcc3'
CFLAGS='-g -O2'
CPP='gcc -E'
CPPFLAGS=''
CXX='g++'
CXXCPP='g++ -E'
CXXDEPMODE='depmode=gcc3'
CXXFLAGS='-g -O2'
CYGPATH_W='echo'
DEFS='-DHAVE_CONFIG_H'
DEPDIR='.deps'
DLLTOOL='false'
DSYMUTIL=''
DUMPBIN=''
ECHO_C=''
ECHO_N='-n'
ECHO_T=''
EGREP='/usr/bin/grep -E'
EXEEXT=''
FGREP='/usr/bin/grep -F'
GIO2_CFLAGS='-pthread -I/usr/include/libmount -I/usr/include/blkid -I/usr/include/uuid -I/usr/include/glib-2.0 -I/usr/lib/x86_64-linux-gnu/glib-2.0/include'
GIO2_LIBS='-lgio-2.0 -lgobject-2.0 -lglib-2.0'
GLIB2_CFLAGS='-I/usr/include/glib-2.0 -I/usr/lib/x86_64-linux-gnu/glib-2.0/include'
GLIB2_LIBS='-lglib-2.0'
GREP='/usr/bin/grep'
GTK2_CFLAGS='-pthread -I/usr/include/gtk-2.0 -I/usr/lib/x86_64-linux-gnu/gtk-2.0/include -I/usr/include/gio-unix-2.0 -I/usr/include/cairo -I/usr/include/pango-1.0 -I/usr/include/atk-1.0 -I/usr/include/cairo -I/usr/include/pixman-1 -I/usr/include/gdk-pixbuf-2.0 -I/usr/include/libmount -I/usr/include/blkid -I/usr/include/pango-1.0 -I/usr/include/harfbuzz -I/usr/include/pango-1.0 -I/usr/include/fribidi -I/usr/include/glib-2.0 -I/usr/lib/x86_64-linux-gnu/glib-2.0/include -I/usr/include/uuid -I/usr/include/freetype2 -I/usr/include/libpng16'
GTK2_LIBS='-lgtk-x11-2.0 -lgdk-x11-2.0 -lpangocairo-1.0 -latk-1.0 -lcairo -lgdk_pixbuf-2.0 -lgio-2.0 -lpangoft2-1.0 -lpango-1.0 -lgobject-2.0 -lglib-2.0 -lfontconfig -lfreetype'
INSTALL_DATA='${INSTALL} -m 644'
INSTALL_PROGRAM='${INSTALL}'
INSTALL_SCRIPT='${INSTALL}'
INSTALL_STRIP_PROGRAM='$(install_sh) -c -s'
LD='/usr/bin/ld -m elf_x86_64'
LDFLAGS=''
LIBOBJS=''
LIBS=''
LIBTOOL='$(SHELL) $(top_builddir)/libtool'
LIPO=''
LN_S='ln -s'
LTLIBOBJS=''
LT_SYS_LIBRARY_PATH=''
MAGICKWAND_CFLAGS='-fopenmp -DMAGICKCORE_HDRI_ENABLE=0 -DMAGICKCORE_QUANTUM_DEPTH=16 -fopenmp -DMAGICKCORE_HDRI_ENABLE=0 -DMAGICKCORE_QUANTUM_DEPTH=16 -I/usr/include/x86_64-linux-gnu//ImageMagick-6 -I/usr/include/ImageMagick-6 -I/usr/include/x86_64-linux-gnu//ImageMagick-6 -I/usr/include/ImageMagick-6'
MAGICKWAND_LIBS='-lMagickWand-6.Q16 -lMagickCore-6.Q16'
MAKEINFO='${SHELL} /home/alexandrecvieira/desenvolvimento/workspaces/cpp/launchbox/missing makeinfo'
MANIFEST_TOOL=':'
MKDIR_P='/usr/bin/mkdir -p'
NM='/usr/bin/nm -B'
NMEDIT=''
OBJDUMP='objdump'
OBJEXT='o'
OTOOL64=''
OTOOL=''
PACKAGE='launchbox'
PACKAGE_BUGREPORT='acamargo.vieira@gmail.com'
PACKAGE_NAME='launchbox'
PACKAGE_STRING='launchbox 0.1.0'
PACKAGE_TARNAME='launchbox'
PACKAGE_URL=''
PACKAGE_VERSION='0.1.0'
PATH_SEPARATOR=':'
PKG_CONFIG='/usr/bin/pkg-config'
PKG_CONFIG_LIBDIR=''
PKG_CONFIG_PATH=''
RANLIB='ranlib'
SED='/usr/bin/sed'
SET_MAKE=''
SHELL='/bin/bash'
STRIP='strip'
VERSION='0.1.0'
VERSION_MAJOR='0'
VERSION_MICRO='0'
VERSION_MINOR='1'
ac_ct_AR='ar'
ac_ct_CC='gcc'
ac_ct_CXX='g++'
ac_ct_DUMPBIN=''
am__EXEEXT_FALSE=''
am__EXEEXT_TRUE='#'
am__fastdepCC_FALSE='#'
am__fastdepCC_TRUE=''
am__fastdepCXX_FALSE='#'
am__fastdepCXX_TRUE=''
am__include='include'
am__isrc=''
am__leading_dot='.'
am__nodep='_no'
am__quote=''
am__tar='$${TAR-tar} chof - "$$tardir"'
am__untar='$${TAR-tar} xf -'
bindir='${exec_prefix}/bin'
build='x86_64-pc-linux-gnu'
build_alias=''
build_cpu='x86_64'
build_os='linux-gnu'
build_vendor='pc'
datadir='${datarootdir}'
datarootdir='${prefix}/share'
docdir='${datarootdir}/doc/${PACKAGE_TARNAME}'
dvidir='${docdir}'
exec_prefix='${prefix}'
host='x86_64-pc-linux-gnu'
host_alias=''
host_cpu='x86_64'
host_os='linux-gnu'
host_vendor='pc'
htmldir='${docdir}'
includedir='${prefix}/include'
infodir='${datarootdir}/info'
install_sh='${SHELL} /home/alexandrecvieira/desenvolvimento/workspaces/cpp/launchbox/install-sh'
libdir='${exec_prefix}/lib'
libexecdir='${exec_prefix}/libexec'
localedir='${datarootdir}/locale'
localstatedir='${prefix}/var'
mandir='${datarootdir}/man'
mkdir_p='$(MKDIR_P)'
oldincludedir='/usr/include'
pdfdir='${docdir}'
prefix='/usr'
program_transform_name='s,x,x,'
psdir='${docdir}'
runstatedir='${localstatedir}/run'
sbindir='${exec_prefix}/sbin'
sharedstatedir='${prefix}/com'
sysconfdir='${prefix}/etc'
target='x86_64-pc-linux-gnu'
target_alias=''
target_cpu='x86_64'
target_os='linux-gnu'
target_vendor='pc'

## ----------- ##
## confdefs.h. ##
## ----------- ##

/* confdefs.h */
#define PACKAGE_NAME "launchbox"
#define PACKAGE_TARNAME "launchbox"
#define PACKAGE_VERSION "0.1.0"
#define PACKAGE_STRING "launchbox 0.1.0"
#define PACKAGE_BUGREPORT "acamargo.vieira@gmail.com"
#define PACKAGE_URL ""
#define PACKAGE "launchbox"
#define VERSION "0.1.0"
#define STDC_HEADERS 1
#define HAVE_SYS_TYPES_H 1
#define HAVE_SYS_STAT_H 1
#define HAVE_STDLIB_H 1
#define HAVE_STRING_H 1
#define HAVE_MEMORY_H 1
#define HAVE_STRINGS_H 1
#define HAVE_INTTYPES_H 1
#define HAVE_STDINT_H 1
#define HAVE_UNISTD_H 1
#define HAVE_DLFCN_H 1
#define LT_OBJDIR ".libs/"
#define HAVE_STRSTR 1

configure: exit 0
